<?xml version="1.0" encoding="UTF-8"?>
<!-- Generated by org.testng.reporters.JUnitReportReporter -->
<testsuite skipped="0" hostname="DESKTOP-5IAPKIA" name="com.ibm.automation.testing.SpiceJet" tests="1" failures="0" timestamp="2019-12-31T15:14:09 IST" time="37.222" errors="0">
  <testcase name="selectCity" time="37.222" classname="com.ibm.automation.testing.SpiceJet"/>
  <system-out/>
</testsuite> <!-- com.ibm.automation.testing.SpiceJet -->
