<?xml version="1.0" encoding="UTF-8"?>
<!-- Generated by org.testng.reporters.JUnitReportReporter -->
<testsuite skipped="0" hostname="DESKTOP-5IAPKIA" name="com.ibm.automation.testing.SpiceJet" tests="1" failures="0" timestamp="2020-01-06T13:49:58 IST" time="36.873" errors="0">
  <testcase name="flightSearch" time="36.873" classname="com.ibm.automation.testing.SpiceJet"/>
  <system-out/>
</testsuite> <!-- com.ibm.automation.testing.SpiceJet -->
