<?xml version="1.0" encoding="UTF-8"?>
<!-- Generated by org.testng.reporters.JUnitReportReporter -->
<testsuite skipped="0" hostname="DESKTOP-5IAPKIA" name="com.ibm.automation.testing.Magento" tests="3" failures="0" timestamp="2020-01-02T20:58:33 IST" time="89.488" errors="0">
  <testcase name="positiveLogin" time="32.666" classname="com.ibm.automation.testing.Magento"/>
  <system-out/>
  <testcase name="negativeLogin" time="29.783" classname="com.ibm.automation.testing.Magento"/>
  <system-out/>
  <testcase name="register" time="27.039" classname="com.ibm.automation.testing.Magento"/>
  <system-out/>
</testsuite> <!-- com.ibm.automation.testing.Magento -->
