<?xml version="1.0" encoding="UTF-8"?>
<!-- Generated by org.testng.reporters.JUnitReportReporter -->
<testsuite skipped="0" hostname="DESKTOP-5IAPKIA" name="com.ibm.automation.testing.Magento" tests="3" failures="0" timestamp="2020-01-04T20:04:47 IST" time="250.800" errors="0">
  <testcase name="register" time="101.927" classname="com.ibm.automation.testing.Magento"/>
  <system-out/>
  <testcase name="positiveLogin" time="70.590" classname="com.ibm.automation.testing.Magento"/>
  <system-out/>
  <testcase name="negativeLogin" time="78.283" classname="com.ibm.automation.testing.Magento"/>
  <system-out/>
</testsuite> <!-- com.ibm.automation.testing.Magento -->
