<?xml version="1.0" encoding="UTF-8"?>
<!-- Generated by org.testng.reporters.JUnitReportReporter -->
<testsuite skipped="0" hostname="DESKTOP-5IAPKIA" name="com.ibm.automation.testing.Magento" tests="3" failures="0" timestamp="2020-01-06T12:43:21 IST" time="116.835" errors="0">
  <testcase name="negativeLogin" time="42.263" classname="com.ibm.automation.testing.Magento"/>
  <system-out/>
  <testcase name="register" time="32.933" classname="com.ibm.automation.testing.Magento"/>
  <system-out/>
  <testcase name="positiveLogin" time="41.639" classname="com.ibm.automation.testing.Magento"/>
  <system-out/>
</testsuite> <!-- com.ibm.automation.testing.Magento -->
