<?xml version="1.0" encoding="UTF-8"?>
<!-- Generated by org.testng.reporters.JUnitReportReporter -->
<testsuite skipped="0" hostname="DESKTOP-5IAPKIA" name="com.ibm.automation.testing.Magento" tests="3" failures="0" timestamp="2019-12-31T15:04:41 IST" time="93.424" errors="0">
  <testcase name="positiveLogin" time="31.095" classname="com.ibm.automation.testing.Magento"/>
  <system-out/>
  <testcase name="negativeLogin" time="32.937" classname="com.ibm.automation.testing.Magento"/>
  <system-out/>
  <testcase name="register" time="29.392" classname="com.ibm.automation.testing.Magento"/>
  <system-out/>
</testsuite> <!-- com.ibm.automation.testing.Magento -->
